0 info it worked if it ends with ok
1 verbose cli [ '/usr/bin/node', '/usr/bin/npm', 'start' ]
2 info using npm@3.5.2
3 info using node@v6.11.4
4 verbose run-script [ 'prestart', 'start', 'poststart' ]
5 info lifecycle kinvey-html5-starter@0.0.0~prestart: kinvey-html5-starter@0.0.0
6 silly lifecycle kinvey-html5-starter@0.0.0~prestart: no script for prestart, continuing
7 info lifecycle kinvey-html5-starter@0.0.0~start: kinvey-html5-starter@0.0.0
8 verbose lifecycle kinvey-html5-starter@0.0.0~start: unsafe-perm in lifecycle true
9 verbose lifecycle kinvey-html5-starter@0.0.0~start: PATH: /usr/share/npm/bin/node-gyp-bin:/home/cpsarason/code/SeaItRise-v1/node_modules/.bin:/home/cpsarason/anaconda3/bin:/home/cpsarason/anaconda3/bin:/usr/local/sbin:/usr/local/bin:/usr/sbin:/usr/bin:/sbin:/bin:/usr/games:/usr/local/games:/snap/bin:/usr/lib/jvm/java-8-oracle/bin:/usr/lib/jvm/java-8-oracle/db/bin:/usr/lib/jvm/java-8-oracle/jre/bin
10 verbose lifecycle kinvey-html5-starter@0.0.0~start: CWD: /home/cpsarason/code/SeaItRise-v1
11 silly lifecycle kinvey-html5-starter@0.0.0~start: Args: [ '-c', 'node server' ]
12 silly lifecycle kinvey-html5-starter@0.0.0~start: Returned: code: 1  signal: null
13 info lifecycle kinvey-html5-starter@0.0.0~start: Failed to exec start script
14 verbose stack Error: kinvey-html5-starter@0.0.0 start: `node server`
14 verbose stack Exit status 1
14 verbose stack     at EventEmitter.<anonymous> (/usr/share/npm/lib/utils/lifecycle.js:232:16)
14 verbose stack     at emitTwo (events.js:106:13)
14 verbose stack     at EventEmitter.emit (events.js:191:7)
14 verbose stack     at ChildProcess.<anonymous> (/usr/share/npm/lib/utils/spawn.js:24:14)
14 verbose stack     at emitTwo (events.js:106:13)
14 verbose stack     at ChildProcess.emit (events.js:191:7)
14 verbose stack     at maybeClose (internal/child_process.js:920:16)
14 verbose stack     at Process.ChildProcess._handle.onexit (internal/child_process.js:230:5)
15 verbose pkgid kinvey-html5-starter@0.0.0
16 verbose cwd /home/cpsarason/code/SeaItRise-v1
17 error Linux 4.13.0-41-generic
18 error argv "/usr/bin/node" "/usr/bin/npm" "start"
19 error node v6.11.4
20 error npm  v3.5.2
21 error code ELIFECYCLE
22 error kinvey-html5-starter@0.0.0 start: `node server`
22 error Exit status 1
23 error Failed at the kinvey-html5-starter@0.0.0 start script 'node server'.
23 error Make sure you have the latest version of node.js and npm installed.
23 error If you do, this is most likely a problem with the kinvey-html5-starter package,
23 error not with npm itself.
23 error Tell the author that this fails on your system:
23 error     node server
23 error You can get information on how to open an issue for this project with:
23 error     npm bugs kinvey-html5-starter
23 error Or if that isn't available, you can get their info via:
23 error     npm owner ls kinvey-html5-starter
23 error There is likely additional logging output above.
24 verbose exit [ 1, true ]
